<?xml version="1.0" encoding="UTF-8"?>
<!-- Generated by org.testng.reporters.JUnitXMLReporter -->
<testsuite hostname="NUUUNINUB92GZ52" name="Test A" tests="3" failures="0" timestamp="8 May 2016 23:28:49 GMT" time="95.164" errors="0">
  <testcase name="OpenVirtualConsult" time="19.256" classname="jokabTest.jokabTest.TestJK"/>
  <testcase name="apiTesting" time="0.329" classname="jokabTest.jokabTest.TestJK"/>
  <testcase name="appiumSauceLabsTest" time="75.566" classname="jokabTest.jokabTest.TestJK"/>
</testsuite> <!-- Test A -->
