<?xml version="1.0" encoding="UTF-8"?>
<testng-results skipped="0" failed="2" total="6" passed="4">
  <reporter-output>
    <line>
      <![CDATA[Page Title is Virtual Consult - Acceuil]]>
    </line>
    <line>
      <![CDATA[Response : {   "results" : [      {         "address_components" : [            {               "long_name" : "Chicago",               "short_name" : "Chicago",               "types" : [ "locality", "political" ]            },            {               "long_name" : "Cook County",               "short_name" : "Cook County",               "types" : [ "administrative_area_level_2", "political" ]            },            {               "long_name" : "Illinois",               "short_name" : "IL",               "types" : [ "administrative_area_level_1", "political" ]            },            {               "long_name" : "United States",               "short_name" : "US",               "types" : [ "country", "political" ]            }         ],         "formatted_address" : "Chicago, IL, USA",         "geometry" : {            "bounds" : {               "northeast" : {                  "lat" : 42.023131,                  "lng" : -87.52404399999999               },               "southwest" : {                  "lat" : 41.6443349,                  "lng" : -87.9402669               }            },            "location" : {               "lat" : 41.8781136,               "lng" : -87.6297982            },            "location_type" : "APPROXIMATE",            "viewport" : {               "northeast" : {                  "lat" : 42.023131,                  "lng" : -87.52404399999999               },               "southwest" : {                  "lat" : 41.6443349,                  "lng" : -87.9402669               }            }         },         "place_id" : "ChIJ7cv00DwsDogRAMDACa2m4K8",         "types" : [ "locality", "political" ]      }   ],   "status" : "OK"}]]>
    </line>
    <line>
      <![CDATA[status : OK]]>
    </line>
    <line>
      <![CDATA[Place id : ChIJ7cv00DwsDogRAMDACa2m4K8]]>
    </line>
    <line>
      <![CDATA[Address : Chicago, IL, USA]]>
    </line>
    <line>
      <![CDATA[Address is as Expected]]>
    </line>
    <line>
      <![CDATA[Generated URL : http://o-stage-mps.nbcuni.com]]>
    </line>
    <line>
      <![CDATA[Response : {   "results" : [      {         "address_components" : [            {               "long_name" : "Chicago",               "short_name" : "Chicago",               "types" : [ "locality", "political" ]            },            {               "long_name" : "Cook County",               "short_name" : "Cook County",               "types" : [ "administrative_area_level_2", "political" ]            },            {               "long_name" : "Illinois",               "short_name" : "IL",               "types" : [ "administrative_area_level_1", "political" ]            },            {               "long_name" : "United States",               "short_name" : "US",               "types" : [ "country", "political" ]            }         ],         "formatted_address" : "Chicago, IL, USA",         "geometry" : {            "bounds" : {               "northeast" : {                  "lat" : 42.023131,                  "lng" : -87.52404399999999               },               "southwest" : {                  "lat" : 41.6443349,                  "lng" : -87.9402669               }            },            "location" : {               "lat" : 41.8781136,               "lng" : -87.6297982            },            "location_type" : "APPROXIMATE",            "viewport" : {               "northeast" : {                  "lat" : 42.023131,                  "lng" : -87.52404399999999               },               "southwest" : {                  "lat" : 41.6443349,                  "lng" : -87.9402669               }            }         },         "place_id" : "ChIJ7cv00DwsDogRAMDACa2m4K8",         "types" : [ "locality", "political" ]      }   ],   "status" : "OK"}]]>
    </line>
    <line>
      <![CDATA[status : OK]]>
    </line>
    <line>
      <![CDATA[Place id : ChIJ7cv00DwsDogRAMDACa2m4K8]]>
    </line>
    <line>
      <![CDATA[Address : Chicago, IL, USA]]>
    </line>
    <line>
      <![CDATA[Address is as Expected]]>
    </line>
  </reporter-output>
  <suite name="Suite One - JK Tests" duration-ms="97441" started-at="2016-05-08T23:27:14Z" finished-at="2016-05-08T23:28:51Z">
    <groups>
    </groups>
    <test name="Test A" duration-ms="95164" started-at="2016-05-08T23:27:14Z" finished-at="2016-05-08T23:28:49Z">
      <class name="jokabTest.jokabTest.TestJK">
        <test-method status="PASS" signature="OpenVirtualConsult()[pri:0, instance:jokabTest.jokabTest.TestJK@2cfb4a64]" name="OpenVirtualConsult" duration-ms="19256" started-at="2016-05-08T16:27:14Z" finished-at="2016-05-08T16:27:33Z">
          <reporter-output>
            <line>
              <![CDATA[Page Title is Virtual Consult - Acceuil]]>
            </line>
          </reporter-output>
        </test-method> <!-- OpenVirtualConsult -->
        <test-method status="PASS" signature="apiTesting()[pri:0, instance:jokabTest.jokabTest.TestJK@2cfb4a64]" name="apiTesting" duration-ms="329" started-at="2016-05-08T16:27:33Z" finished-at="2016-05-08T16:27:33Z">
          <reporter-output>
            <line>
              <![CDATA[Response : {   "results" : [      {         "address_components" : [            {               "long_name" : "Chicago",               "short_name" : "Chicago",               "types" : [ "locality", "political" ]            },            {               "long_name" : "Cook County",               "short_name" : "Cook County",               "types" : [ "administrative_area_level_2", "political" ]            },            {               "long_name" : "Illinois",               "short_name" : "IL",               "types" : [ "administrative_area_level_1", "political" ]            },            {               "long_name" : "United States",               "short_name" : "US",               "types" : [ "country", "political" ]            }         ],         "formatted_address" : "Chicago, IL, USA",         "geometry" : {            "bounds" : {               "northeast" : {                  "lat" : 42.023131,                  "lng" : -87.52404399999999               },               "southwest" : {                  "lat" : 41.6443349,                  "lng" : -87.9402669               }            },            "location" : {               "lat" : 41.8781136,               "lng" : -87.6297982            },            "location_type" : "APPROXIMATE",            "viewport" : {               "northeast" : {                  "lat" : 42.023131,                  "lng" : -87.52404399999999               },               "southwest" : {                  "lat" : 41.6443349,                  "lng" : -87.9402669               }            }         },         "place_id" : "ChIJ7cv00DwsDogRAMDACa2m4K8",         "types" : [ "locality", "political" ]      }   ],   "status" : "OK"}]]>
            </line>
            <line>
              <![CDATA[status : OK]]>
            </line>
            <line>
              <![CDATA[Place id : ChIJ7cv00DwsDogRAMDACa2m4K8]]>
            </line>
            <line>
              <![CDATA[Address : Chicago, IL, USA]]>
            </line>
            <line>
              <![CDATA[Address is as Expected]]>
            </line>
          </reporter-output>
        </test-method> <!-- apiTesting -->
        <test-method status="PASS" signature="appiumSauceLabsTest()[pri:0, instance:jokabTest.jokabTest.TestJK@2cfb4a64]" name="appiumSauceLabsTest" duration-ms="75566" started-at="2016-05-08T16:27:33Z" finished-at="2016-05-08T16:28:49Z">
          <reporter-output>
            <line>
              <![CDATA[Generated URL : http://o-stage-mps.nbcuni.com]]>
            </line>
          </reporter-output>
        </test-method> <!-- appiumSauceLabsTest -->
      </class> <!-- jokabTest.jokabTest.TestJK -->
    </test> <!-- Test A -->
    <test name="Test B" duration-ms="1241" started-at="2016-05-08T23:28:49Z" finished-at="2016-05-08T23:28:50Z">
      <class name="jokabTest.jokabTest.testApp">
        <test-method status="FAIL" signature="setUp()[pri:0, instance:jokabTest.jokabTest.testApp@47f37ef1]" name="setUp" duration-ms="1002" started-at="2016-05-08T16:28:49Z" finished-at="2016-05-08T16:28:50Z">
          <exception class="org.openqa.selenium.remote.UnreachableBrowserException">
            <message>
              <![CDATA[Could not start a new session. Possible causes are invalid address of the remote server or browser start-up failure.
Build info: version: '2.53.0', revision: '35ae25b1534ae328c771e0856c93e187490ca824', time: '2016-03-15 10:43:46'
System info: host: 'NUUUNINUB92GZ52', ip: '192.168.0.8', os.name: 'Windows 7', os.arch: 'amd64', os.version: '6.1', java.version: '1.8.0_60'
Driver info: driver.version: RemoteWebDriver]]>
            </message>
            <full-stacktrace>
              <![CDATA[org.openqa.selenium.remote.UnreachableBrowserException: Could not start a new session. Possible causes are invalid address of the remote server or browser start-up failure.
Build info: version: '2.53.0', revision: '35ae25b1534ae328c771e0856c93e187490ca824', time: '2016-03-15 10:43:46'
System info: host: 'NUUUNINUB92GZ52', ip: '192.168.0.8', os.name: 'Windows 7', os.arch: 'amd64', os.version: '6.1', java.version: '1.8.0_60'
Driver info: driver.version: RemoteWebDriver
	at org.openqa.selenium.remote.RemoteWebDriver.execute(RemoteWebDriver.java:665)
	at org.openqa.selenium.remote.RemoteWebDriver.startSession(RemoteWebDriver.java:249)
	at org.openqa.selenium.remote.RemoteWebDriver.<init>(RemoteWebDriver.java:131)
	at org.openqa.selenium.remote.RemoteWebDriver.<init>(RemoteWebDriver.java:158)
	at jokabTest.jokabTest.testApp.setUp(testApp.java:59)
	at sun.reflect.NativeMethodAccessorImpl.invoke0(Native Method)
	at sun.reflect.NativeMethodAccessorImpl.invoke(NativeMethodAccessorImpl.java:62)
	at sun.reflect.DelegatingMethodAccessorImpl.invoke(DelegatingMethodAccessorImpl.java:43)
	at java.lang.reflect.Method.invoke(Method.java:497)
	at org.testng.internal.MethodInvocationHelper.invokeMethod(MethodInvocationHelper.java:84)
	at org.testng.internal.Invoker.invokeMethod(Invoker.java:714)
	at org.testng.internal.Invoker.invokeTestMethod(Invoker.java:901)
	at org.testng.internal.Invoker.invokeTestMethods(Invoker.java:1231)
	at org.testng.internal.TestMethodWorker.invokeTestMethods(TestMethodWorker.java:127)
	at org.testng.internal.TestMethodWorker.run(TestMethodWorker.java:111)
	at org.testng.TestRunner.privateRun(TestRunner.java:767)
	at org.testng.TestRunner.run(TestRunner.java:617)
	at org.testng.SuiteRunner.runTest(SuiteRunner.java:348)
	at org.testng.SuiteRunner.runSequentially(SuiteRunner.java:343)
	at org.testng.SuiteRunner.privateRun(SuiteRunner.java:305)
	at org.testng.SuiteRunner.run(SuiteRunner.java:254)
	at org.testng.SuiteRunnerWorker.runSuite(SuiteRunnerWorker.java:52)
	at org.testng.SuiteRunnerWorker.run(SuiteRunnerWorker.java:86)
	at org.testng.TestNG.runSuitesSequentially(TestNG.java:1224)
	at org.testng.TestNG.runSuitesLocally(TestNG.java:1149)
	at org.testng.TestNG.run(TestNG.java:1057)
	at org.testng.remote.RemoteTestNG.run(RemoteTestNG.java:111)
	at org.testng.remote.RemoteTestNG.initAndRun(RemoteTestNG.java:204)
	at org.testng.remote.RemoteTestNG.main(RemoteTestNG.java:175)
Caused by: org.apache.http.conn.HttpHostConnectException: Connect to 127.0.0.1:4723 [/127.0.0.1] failed: Connection refused: connect
	at org.apache.http.impl.conn.DefaultHttpClientConnectionOperator.connect(DefaultHttpClientConnectionOperator.java:151)
	at org.apache.http.impl.conn.PoolingHttpClientConnectionManager.connect(PoolingHttpClientConnectionManager.java:353)
	at org.apache.http.impl.execchain.MainClientExec.establishRoute(MainClientExec.java:380)
	at org.apache.http.impl.execchain.MainClientExec.execute(MainClientExec.java:236)
	at org.apache.http.impl.execchain.ProtocolExec.execute(ProtocolExec.java:184)
	at org.apache.http.impl.execchain.RetryExec.execute(RetryExec.java:88)
	at org.apache.http.impl.execchain.RedirectExec.execute(RedirectExec.java:110)
	at org.apache.http.impl.client.InternalHttpClient.doExecute(InternalHttpClient.java:184)
	at org.apache.http.impl.client.CloseableHttpClient.execute(CloseableHttpClient.java:71)
	at org.apache.http.impl.client.CloseableHttpClient.execute(CloseableHttpClient.java:55)
	at org.openqa.selenium.remote.internal.ApacheHttpClient.fallBackExecute(ApacheHttpClient.java:144)
	at org.openqa.selenium.remote.internal.ApacheHttpClient.execute(ApacheHttpClient.java:90)
	at org.openqa.selenium.remote.HttpCommandExecutor.execute(HttpCommandExecutor.java:142)
	at org.openqa.selenium.remote.RemoteWebDriver.execute(RemoteWebDriver.java:644)
	... 28 more
Caused by: java.net.ConnectException: Connection refused: connect
	at java.net.DualStackPlainSocketImpl.waitForConnect(Native Method)
	at java.net.DualStackPlainSocketImpl.socketConnect(DualStackPlainSocketImpl.java:85)
	at java.net.AbstractPlainSocketImpl.doConnect(AbstractPlainSocketImpl.java:350)
	at java.net.AbstractPlainSocketImpl.connectToAddress(AbstractPlainSocketImpl.java:206)
	at java.net.AbstractPlainSocketImpl.connect(AbstractPlainSocketImpl.java:188)
	at java.net.PlainSocketImpl.connect(PlainSocketImpl.java:172)
	at java.net.SocksSocketImpl.connect(SocksSocketImpl.java:392)
	at java.net.Socket.connect(Socket.java:589)
	at org.apache.http.conn.socket.PlainConnectionSocketFactory.connectSocket(PlainConnectionSocketFactory.java:74)
	at org.apache.http.impl.conn.DefaultHttpClientConnectionOperator.connect(DefaultHttpClientConnectionOperator.java:134)
	... 41 more
]]>
            </full-stacktrace>
          </exception> <!-- org.openqa.selenium.remote.UnreachableBrowserException -->
          <reporter-output>
          </reporter-output>
        </test-method> <!-- setUp -->
      </class> <!-- jokabTest.jokabTest.testApp -->
      <class name="jokabTest.jokabTest.ReadJsonObject">
        <test-method status="PASS" signature="aptTesting()[pri:0, instance:jokabTest.jokabTest.ReadJsonObject@3c5a99da]" name="aptTesting" duration-ms="232" started-at="2016-05-08T16:28:49Z" finished-at="2016-05-08T16:28:49Z">
          <reporter-output>
            <line>
              <![CDATA[Response : {   "results" : [      {         "address_components" : [            {               "long_name" : "Chicago",               "short_name" : "Chicago",               "types" : [ "locality", "political" ]            },            {               "long_name" : "Cook County",               "short_name" : "Cook County",               "types" : [ "administrative_area_level_2", "political" ]            },            {               "long_name" : "Illinois",               "short_name" : "IL",               "types" : [ "administrative_area_level_1", "political" ]            },            {               "long_name" : "United States",               "short_name" : "US",               "types" : [ "country", "political" ]            }         ],         "formatted_address" : "Chicago, IL, USA",         "geometry" : {            "bounds" : {               "northeast" : {                  "lat" : 42.023131,                  "lng" : -87.52404399999999               },               "southwest" : {                  "lat" : 41.6443349,                  "lng" : -87.9402669               }            },            "location" : {               "lat" : 41.8781136,               "lng" : -87.6297982            },            "location_type" : "APPROXIMATE",            "viewport" : {               "northeast" : {                  "lat" : 42.023131,                  "lng" : -87.52404399999999               },               "southwest" : {                  "lat" : 41.6443349,                  "lng" : -87.9402669               }            }         },         "place_id" : "ChIJ7cv00DwsDogRAMDACa2m4K8",         "types" : [ "locality", "political" ]      }   ],   "status" : "OK"}]]>
            </line>
            <line>
              <![CDATA[status : OK]]>
            </line>
            <line>
              <![CDATA[Place id : ChIJ7cv00DwsDogRAMDACa2m4K8]]>
            </line>
            <line>
              <![CDATA[Address : Chicago, IL, USA]]>
            </line>
            <line>
              <![CDATA[Address is as Expected]]>
            </line>
          </reporter-output>
        </test-method> <!-- aptTesting -->
      </class> <!-- jokabTest.jokabTest.ReadJsonObject -->
    </test> <!-- Test B -->
    <test name="Test C" duration-ms="1004" started-at="2016-05-08T23:28:50Z" finished-at="2016-05-08T23:28:51Z">
      <class name="jokabTest.jokabTest.testApp">
        <test-method status="FAIL" signature="setUp()[pri:0, instance:jokabTest.jokabTest.testApp@1fbc7afb]" name="setUp" duration-ms="1002" started-at="2016-05-08T16:28:50Z" finished-at="2016-05-08T16:28:51Z">
          <exception class="org.openqa.selenium.remote.UnreachableBrowserException">
            <message>
              <![CDATA[Could not start a new session. Possible causes are invalid address of the remote server or browser start-up failure.
Build info: version: '2.53.0', revision: '35ae25b1534ae328c771e0856c93e187490ca824', time: '2016-03-15 10:43:46'
System info: host: 'NUUUNINUB92GZ52', ip: '192.168.0.8', os.name: 'Windows 7', os.arch: 'amd64', os.version: '6.1', java.version: '1.8.0_60'
Driver info: driver.version: RemoteWebDriver]]>
            </message>
            <full-stacktrace>
              <![CDATA[org.openqa.selenium.remote.UnreachableBrowserException: Could not start a new session. Possible causes are invalid address of the remote server or browser start-up failure.
Build info: version: '2.53.0', revision: '35ae25b1534ae328c771e0856c93e187490ca824', time: '2016-03-15 10:43:46'
System info: host: 'NUUUNINUB92GZ52', ip: '192.168.0.8', os.name: 'Windows 7', os.arch: 'amd64', os.version: '6.1', java.version: '1.8.0_60'
Driver info: driver.version: RemoteWebDriver
	at org.openqa.selenium.remote.RemoteWebDriver.execute(RemoteWebDriver.java:665)
	at org.openqa.selenium.remote.RemoteWebDriver.startSession(RemoteWebDriver.java:249)
	at org.openqa.selenium.remote.RemoteWebDriver.<init>(RemoteWebDriver.java:131)
	at org.openqa.selenium.remote.RemoteWebDriver.<init>(RemoteWebDriver.java:158)
	at jokabTest.jokabTest.testApp.setUp(testApp.java:59)
	at sun.reflect.NativeMethodAccessorImpl.invoke0(Native Method)
	at sun.reflect.NativeMethodAccessorImpl.invoke(NativeMethodAccessorImpl.java:62)
	at sun.reflect.DelegatingMethodAccessorImpl.invoke(DelegatingMethodAccessorImpl.java:43)
	at java.lang.reflect.Method.invoke(Method.java:497)
	at org.testng.internal.MethodInvocationHelper.invokeMethod(MethodInvocationHelper.java:84)
	at org.testng.internal.Invoker.invokeMethod(Invoker.java:714)
	at org.testng.internal.Invoker.invokeTestMethod(Invoker.java:901)
	at org.testng.internal.Invoker.invokeTestMethods(Invoker.java:1231)
	at org.testng.internal.TestMethodWorker.invokeTestMethods(TestMethodWorker.java:127)
	at org.testng.internal.TestMethodWorker.run(TestMethodWorker.java:111)
	at org.testng.TestRunner.privateRun(TestRunner.java:767)
	at org.testng.TestRunner.run(TestRunner.java:617)
	at org.testng.SuiteRunner.runTest(SuiteRunner.java:348)
	at org.testng.SuiteRunner.runSequentially(SuiteRunner.java:343)
	at org.testng.SuiteRunner.privateRun(SuiteRunner.java:305)
	at org.testng.SuiteRunner.run(SuiteRunner.java:254)
	at org.testng.SuiteRunnerWorker.runSuite(SuiteRunnerWorker.java:52)
	at org.testng.SuiteRunnerWorker.run(SuiteRunnerWorker.java:86)
	at org.testng.TestNG.runSuitesSequentially(TestNG.java:1224)
	at org.testng.TestNG.runSuitesLocally(TestNG.java:1149)
	at org.testng.TestNG.run(TestNG.java:1057)
	at org.testng.remote.RemoteTestNG.run(RemoteTestNG.java:111)
	at org.testng.remote.RemoteTestNG.initAndRun(RemoteTestNG.java:204)
	at org.testng.remote.RemoteTestNG.main(RemoteTestNG.java:175)
Caused by: org.apache.http.conn.HttpHostConnectException: Connect to 127.0.0.1:4723 [/127.0.0.1] failed: Connection refused: connect
	at org.apache.http.impl.conn.DefaultHttpClientConnectionOperator.connect(DefaultHttpClientConnectionOperator.java:151)
	at org.apache.http.impl.conn.PoolingHttpClientConnectionManager.connect(PoolingHttpClientConnectionManager.java:353)
	at org.apache.http.impl.execchain.MainClientExec.establishRoute(MainClientExec.java:380)
	at org.apache.http.impl.execchain.MainClientExec.execute(MainClientExec.java:236)
	at org.apache.http.impl.execchain.ProtocolExec.execute(ProtocolExec.java:184)
	at org.apache.http.impl.execchain.RetryExec.execute(RetryExec.java:88)
	at org.apache.http.impl.execchain.RedirectExec.execute(RedirectExec.java:110)
	at org.apache.http.impl.client.InternalHttpClient.doExecute(InternalHttpClient.java:184)
	at org.apache.http.impl.client.CloseableHttpClient.execute(CloseableHttpClient.java:71)
	at org.apache.http.impl.client.CloseableHttpClient.execute(CloseableHttpClient.java:55)
	at org.openqa.selenium.remote.internal.ApacheHttpClient.fallBackExecute(ApacheHttpClient.java:144)
	at org.openqa.selenium.remote.internal.ApacheHttpClient.execute(ApacheHttpClient.java:90)
	at org.openqa.selenium.remote.HttpCommandExecutor.execute(HttpCommandExecutor.java:142)
	at org.openqa.selenium.remote.RemoteWebDriver.execute(RemoteWebDriver.java:644)
	... 28 more
Caused by: java.net.ConnectException: Connection refused: connect
	at java.net.DualStackPlainSocketImpl.waitForConnect(Native Method)
	at java.net.DualStackPlainSocketImpl.socketConnect(DualStackPlainSocketImpl.java:85)
	at java.net.AbstractPlainSocketImpl.doConnect(AbstractPlainSocketImpl.java:350)
	at java.net.AbstractPlainSocketImpl.connectToAddress(AbstractPlainSocketImpl.java:206)
	at java.net.AbstractPlainSocketImpl.connect(AbstractPlainSocketImpl.java:188)
	at java.net.PlainSocketImpl.connect(PlainSocketImpl.java:172)
	at java.net.SocksSocketImpl.connect(SocksSocketImpl.java:392)
	at java.net.Socket.connect(Socket.java:589)
	at org.apache.http.conn.socket.PlainConnectionSocketFactory.connectSocket(PlainConnectionSocketFactory.java:74)
	at org.apache.http.impl.conn.DefaultHttpClientConnectionOperator.connect(DefaultHttpClientConnectionOperator.java:134)
	... 41 more
]]>
            </full-stacktrace>
          </exception> <!-- org.openqa.selenium.remote.UnreachableBrowserException -->
          <reporter-output>
          </reporter-output>
        </test-method> <!-- setUp -->
      </class> <!-- jokabTest.jokabTest.testApp -->
    </test> <!-- Test C -->
  </suite> <!-- Suite One - JK Tests -->
</testng-results>
